<?xml version="1.0" encoding="UTF-8"?>
<!-- Generated by org.testng.reporters.JUnitReportReporter -->
<testsuite hostname="SANTHOSH" failures="0" tests="7" name="tests.PortfolioTest" time="39.488" errors="0" timestamp="2025-06-28T22:44:31 IST" skipped="0">
  <testcase classname="tests.PortfolioTest" name="testSkillsSection" time="8.818"/>
  <testcase classname="tests.PortfolioTest" name="testThemeToggleSwitch" time="6.168"/>
  <testcase classname="tests.PortfolioTest" name="testHeaderElements" time="3.421"/>
  <testcase classname="tests.PortfolioTest" name="testSectionScrollNavigation" time="4.385"/>
  <testcase classname="tests.PortfolioTest" name="testSocialLinks" time="8.187"/>
  <testcase classname="tests.PortfolioTest" name="testTitle" time="4.191"/>
  <testcase classname="tests.PortfolioTest" name="testResumeDownloadButton" time="4.318"/>
</testsuite> <!-- tests.PortfolioTest -->
